<?xml version="1.0" encoding="UTF-8"?>
<!-- Generated by org.testng.reporters.JUnitXMLReporter -->
<testsuite hostname="DESKTOP-R0QK2O8" ignored="0" name="Chrome Test" tests="2" failures="1" timestamp="20 Apr 2019 17:21:54 GMT" time="18.843" errors="0">
  <testcase name="verifyTitleOfthePage" time="0.31" classname="day7.Guru99Project">
    <failure type="java.lang.AssertionError" message="expected [Guru99 Bank Home Page 1] but found [Guru99 Bank Home Page]">
      <![CDATA[java.lang.AssertionError: expected [Guru99 Bank Home Page 1] but found [Guru99 Bank Home Page]
	at day7.Guru99Project.verifyTitleOfthePage(Guru99Project.java:53)
	at java.util.concurrent.FutureTask.run(Unknown Source)
	at java.util.concurrent.ThreadPoolExecutor.runWorker(Unknown Source)
	at java.util.concurrent.ThreadPoolExecutor$Worker.run(Unknown Source)
	at java.lang.Thread.run(Unknown Source)
... Removed 22 stack frames]]>
    </failure>
  </testcase> <!-- verifyTitleOfthePage -->
  <testcase name="verifyLoginToGuru99" time="4.976" classname="day7.Guru99Project"/>
</testsuite> <!-- Chrome Test -->
